<?xml version="1.0" encoding="UTF-8"?>
<!-- Generated by org.testng.reporters.JUnitReportReporter -->
<testsuite skipped="0" hostname="GC-PC-143-3" name="xmlLearning1.XmlDemo2" tests="1" failures="0" timestamp="02 Aug 2019 05:33:32 GMT" time="3.443" errors="0">
  <testcase name="login" time="3.443" classname="xmlLearning1.XmlDemo2"/>
</testsuite> <!-- xmlLearning1.XmlDemo2 -->
